This is pdfTeX, Version 3.14159265-2.6-1.40.17 (TeX Live 2016/Debian) (preloaded format=pdflatex 2017.3.3)  3 MAR 2017 03:28
entering extended mode
 restricted \write18 enabled.
 %&-line parsing enabled.
**boat.jpg
(./boat.jpg
LaTeX2e <2016/03/31> patch level 3
Babel <3.9r> and hyphenation patterns for 3 language(s) loaded.

! LaTeX Error: Missing \begin{document}.

See the LaTeX manual or LaTeX Companion for explanation.
Type  H <return>  for immediate help.
 ...                                              
                                                  
l.1 ÿ
     Øÿà^^@^^PJFIF^^@^^A^^A^^A^^@H^^@H^^@^^@ÿâ^^LXICC_PROFILE^^@^^A^^A^^@^^@...

? X
 
Here is how much of TeX's memory you used:
 7 strings out of 494945
 259 string characters out of 6181033
 45295 words of memory out of 5000000
 3400 multiletter control sequences out of 15000+600000
 3640 words of font info for 14 fonts, out of 8000000 for 9000
 14 hyphenation exceptions out of 8191
 5i,0n,4p,1152b,14s stack positions out of 5000i,500n,10000p,200000b,80000s
No pages of output.
PDF statistics:
 0 PDF objects out of 1000 (max. 8388607)
 0 named destinations out of 1000 (max. 500000)
 1 words of extra memory for PDF output out of 10000 (max. 10000000)

